[0m11:54:45.357713 [debug] [MainThread]: Sending event: {'category': 'dbt', 'action': 'invocation', 'label': 'start', 'context': [<snowplow_tracker.self_describing_json.SelfDescribingJson object at 0x00000236CA38A580>, <snowplow_tracker.self_describing_json.SelfDescribingJson object at 0x00000236CC410B80>, <snowplow_tracker.self_describing_json.SelfDescribingJson object at 0x00000236CC410DF0>]}


============================== 11:54:45.361713 | 5b15c2f7-7531-4707-ab73-373eefda9891 ==============================
[0m11:54:45.361713 [info ] [MainThread]: Running with dbt=1.9.4
[0m11:54:45.362712 [debug] [MainThread]: running dbt with arguments {'printer_width': '80', 'indirect_selection': 'eager', 'log_cache_events': 'False', 'write_json': 'True', 'partial_parse': 'True', 'cache_selected_only': 'False', 'warn_error': 'None', 'debug': 'False', 'profiles_dir': 'C:\\Users\\mutan\\.dbt', 'log_path': 'logs', 'fail_fast': 'False', 'version_check': 'True', 'use_colors': 'True', 'use_experimental_parser': 'False', 'no_print': 'None', 'quiet': 'False', 'empty': 'None', 'log_format': 'default', 'static_parser': 'True', 'warn_error_options': 'WarnErrorOptions(include=[], exclude=[])', 'invocation_command': 'dbt init stock_dbt_project', 'target_path': 'None', 'introspect': 'True', 'send_anonymous_usage_stats': 'True'}
[0m11:54:45.385982 [debug] [MainThread]: Starter project path: C:\Users\mutan\AppData\Local\Programs\Python\Python39\lib\site-packages\dbt\include\starter_project
[0m11:54:45.396982 [info ] [MainThread]: 
Your new dbt project "stock_dbt_project" was created!

For more information on how to configure the profiles.yml file,
please consult the dbt documentation here:

  https://docs.getdbt.com/docs/configure-your-profile

One more thing:

Need help? Don't hesitate to reach out to us via GitHub issues or on Slack:

  https://community.getdbt.com/

Happy modeling!

[0m11:54:45.397982 [info ] [MainThread]: Setting up your profile.
[0m11:55:01.009017 [info ] [MainThread]: No sample profile found for clickhouse.
[0m11:55:01.011021 [debug] [MainThread]: Command `dbt init` succeeded at 11:55:01.011021 after 15.71 seconds
[0m11:55:01.012021 [debug] [MainThread]: Sending event: {'category': 'dbt', 'action': 'invocation', 'label': 'end', 'context': [<snowplow_tracker.self_describing_json.SelfDescribingJson object at 0x00000236CA38A580>, <snowplow_tracker.self_describing_json.SelfDescribingJson object at 0x00000236CC410D90>, <snowplow_tracker.self_describing_json.SelfDescribingJson object at 0x00000236CC46DE50>]}
[0m11:55:01.012021 [debug] [MainThread]: Flushing usage events
[0m11:55:02.014748 [debug] [MainThread]: An error was encountered while trying to flush usage events
